<?xml version="1.0" encoding="UTF-8"?>
<!-- Generated by org.testng.reporters.JUnitXMLReporter -->
<testsuite hostname="HIBACL54346" name="IETest" tests="1" failures="0" timestamp="21 Nov 2016 08:48:16 GMT" time="0.138" errors="0">
  <testcase name="@BeforeTest setup" time="0.0" classname="demo_packages.Cross_Browser_Test">
    <failure type="java.lang.Exception" message="Browser is not correct">
      <![CDATA[java.lang.Exception: Browser is not correct
	at demo_packages.Cross_Browser_Test.setup(Cross_Browser_Test.java:33)
	at java.util.concurrent.FutureTask.run(Unknown Source)
	at java.util.concurrent.ThreadPoolExecutor.runWorker(Unknown Source)
	at java.util.concurrent.ThreadPoolExecutor$Worker.run(Unknown Source)
	at java.lang.Thread.run(Unknown Source)
... Removed 14 stack frames]]>
    </failure>
  </testcase> <!-- @BeforeTest setup -->
  <testcase name="Flight_Login" time="0.004" classname="demo_packages.Cross_Browser_Test">
    <skipped/>
  </testcase> <!-- Flight_Login -->
</testsuite> <!-- IETest -->
