<?xml version="1.0" encoding="UTF-8"?>
<testng-results skipped="0" failed="0" total="2" passed="2">
  <reporter-output>
  </reporter-output>
  <suite name="TestSuite" duration-ms="23113" started-at="2017-09-15T14:29:53Z" finished-at="2017-09-15T14:30:16Z">
    <groups>
    </groups>
    <test name="FirefoxTest" duration-ms="22212" started-at="2017-09-15T14:29:53Z" finished-at="2017-09-15T14:30:15Z">
      <class name="demo_packages.Cross_Browser_Test">
        <test-method status="PASS" signature="setup(java.lang.String)[pri:0, instance:demo_packages.Cross_Browser_Test@3e6fa38a]" name="setup" is-config="true" duration-ms="11331" started-at="2017-09-15T19:59:53Z" finished-at="2017-09-15T20:00:04Z">
          <params>
            <param index="0">
              <value>
                <![CDATA[Firefox]]>
              </value>
            </param>
          </params>
          <reporter-output>
          </reporter-output>
        </test-method> <!-- setup -->
        <test-method status="PASS" signature="Flight_Login()[pri:0, instance:demo_packages.Cross_Browser_Test@3e6fa38a]" name="Flight_Login" duration-ms="10874" started-at="2017-09-15T20:00:04Z" finished-at="2017-09-15T20:00:15Z">
          <reporter-output>
          </reporter-output>
        </test-method> <!-- Flight_Login -->
      </class> <!-- demo_packages.Cross_Browser_Test -->
    </test> <!-- FirefoxTest -->
    <test name="ChromeTest" duration-ms="23113" started-at="2017-09-15T14:29:53Z" finished-at="2017-09-15T14:30:16Z">
      <class name="demo_packages.Cross_Browser_Test">
        <test-method status="PASS" signature="setup(java.lang.String)[pri:0, instance:demo_packages.Cross_Browser_Test@20e2cbe0]" name="setup" is-config="true" duration-ms="9087" started-at="2017-09-15T19:59:53Z" finished-at="2017-09-15T20:00:02Z">
          <params>
            <param index="0">
              <value>
                <![CDATA[Chrome]]>
              </value>
            </param>
          </params>
          <reporter-output>
          </reporter-output>
        </test-method> <!-- setup -->
        <test-method status="PASS" signature="Flight_Login()[pri:0, instance:demo_packages.Cross_Browser_Test@20e2cbe0]" name="Flight_Login" duration-ms="14009" started-at="2017-09-15T20:00:02Z" finished-at="2017-09-15T20:00:16Z">
          <reporter-output>
          </reporter-output>
        </test-method> <!-- Flight_Login -->
      </class> <!-- demo_packages.Cross_Browser_Test -->
    </test> <!-- ChromeTest -->
  </suite> <!-- TestSuite -->
</testng-results>
